2017/10/03 00:13:54 [D] [db conn root:@tcp(localhost:3306)/tdtg?charset=utf8&parseTime=True&loc=Local] 
2017/10/03 00:13:56 [I] http server Running on http://:9700
2017/10/03 00:14:33 [D] [db conn root:@tcp(localhost:3306)/tdtg?charset=utf8&parseTime=True&loc=Local] 
2017/10/03 00:14:36 [I] http server Running on http://:9700
2017/10/03 00:15:20 [D] [db conn root:@tcp(localhost:3306)/tdtg?charset=utf8&parseTime=True&loc=Local] 
2017/10/03 00:15:22 [I] http server Running on http://:9700
2017/10/03 00:16:02 [D] [db conn root:@tcp(localhost:3306)/tdtg?charset=utf8&parseTime=True&loc=Local] 
2017/10/03 00:16:05 [I] http server Running on http://:9700
2017/10/03 00:16:25 [D] [db conn root:@tcp(localhost:3306)/tdtg?charset=utf8&parseTime=True&loc=Local] 
2017/10/03 00:16:27 [I] http server Running on http://:9700
2017/10/03 00:17:33 [D] [db conn root:@tcp(localhost:3306)/tdtg?charset=utf8&parseTime=True&loc=Local] 
2017/10/03 00:17:36 [I] http server Running on http://:9700
2017/10/03 00:21:46 [D] [db conn root:@tcp(localhost:3306)/tdtg?charset=utf8&parseTime=True&loc=Local] 
2017/10/03 00:21:50 [I] http server Running on http://:9700
2017/10/03 00:22:46 [D] [db conn root:@tcp(localhost:3306)/tdtg?charset=utf8&parseTime=True&loc=Local] 
2017/10/03 00:22:50 [I] http server Running on http://:9700
2017/10/03 00:23:05 [D] [db conn root:@tcp(localhost:3306)/tdtg?charset=utf8&parseTime=True&loc=Local] 
2017/10/03 00:23:09 [I] http server Running on http://:9700
2017/10/03 00:24:34 [D] [db conn root:@tcp(localhost:3306)/tdtg?charset=utf8&parseTime=True&loc=Local] 
2017/10/03 00:24:38 [I] http server Running on http://:9700
2017/10/03 00:26:26 [D] [db conn root:@tcp(localhost:3306)/tdtg?charset=utf8&parseTime=True&loc=Local] 
2017/10/03 00:26:30 [I] http server Running on http://:9700
2017/10/03 00:27:18 [D] [db conn root:@tcp(localhost:3306)/tdtg?charset=utf8&parseTime=True&loc=Local] 
2017/10/03 00:27:23 [I] http server Running on http://:9700
2017/10/03 00:27:36 [D] [db conn root:@tcp(localhost:3306)/tdtg?charset=utf8&parseTime=True&loc=Local] 
2017/10/03 00:27:41 [I] http server Running on http://:9700
2017/10/03 00:27:52 [D] [db conn root:@tcp(localhost:3306)/tdtg?charset=utf8&parseTime=True&loc=Local] 
2017/10/03 00:27:57 [I] http server Running on http://:9700
2017/10/03 00:36:19 [D] [db conn root:@tcp(localhost:3306)/tdtg?charset=utf8&parseTime=True&loc=Local] 
2017/10/03 00:36:23 [I] http server Running on http://:9700
2017/10/03 00:38:36 [D] [db conn root:@tcp(localhost:3306)/tdtg?charset=utf8&parseTime=True&loc=Local] 
2017/10/03 00:38:40 [I] http server Running on http://:9700
2017/10/03 00:41:37 [D] [db conn root:@tcp(localhost:3306)/tdtg?charset=utf8&parseTime=True&loc=Local] 
2017/10/03 00:41:41 [I] http server Running on http://:9700
2017/10/03 00:41:59 [D] [db conn root:@tcp(localhost:3306)/tdtg?charset=utf8&parseTime=True&loc=Local] 
2017/10/03 00:42:03 [I] http server Running on http://:9700
2017/10/03 00:42:47 [D] [db conn root:@tcp(localhost:3306)/tdtg?charset=utf8&parseTime=True&loc=Local] 
2017/10/03 00:42:52 [I] http server Running on http://:9700
2017/10/03 00:45:31 [D] [db conn root:@tcp(localhost:3306)/tdtg?charset=utf8&parseTime=True&loc=Local] 
2017/10/03 00:45:36 [I] http server Running on http://:9700
2017/10/03 00:47:37 [D] [db conn root:@tcp(localhost:3306)/tdtg?charset=utf8&parseTime=True&loc=Local] 
2017/10/03 00:47:42 [I] http server Running on http://:9700
2017/10/03 00:48:05 [D] [db conn root:@tcp(localhost:3306)/tdtg?charset=utf8&parseTime=True&loc=Local] 
2017/10/03 00:48:10 [I] http server Running on http://:9700
2017/10/03 16:18:28 [D] [db conn root:@tcp(localhost:3306)/tdtg?charset=utf8&parseTime=True&loc=Local] 
2017/10/03 16:18:34 [I] http server Running on http://:9700
2017/10/03 16:18:57 [D] [BaseFilter /api/pub?url=D:/sets.csv&table=dungouset] 
2017/10/03 16:20:00 [D] [BaseFilter /api/%20etdata] 
2017/10/03 16:20:01 [D] [BaseFilter /api/getdata] 
2017/10/03 16:34:56 [D] [db conn root:@tcp(localhost:3306)/tdtg?charset=utf8&parseTime=True&loc=Local] 
2017/10/03 16:35:01 [I] http server Running on http://:9700
2017/10/03 16:36:49 [D] [db conn root:@tcp(localhost:3306)/tdtg?charset=utf8&parseTime=True&loc=Local] 
2017/10/03 16:36:54 [I] http server Running on http://:9700
2017/10/03 16:37:59 [D] [db conn root:@tcp(localhost:3306)/tdtg?charset=utf8&parseTime=True&loc=Local] 
2017/10/03 16:38:04 [I] http server Running on http://:9700
2017/10/03 17:42:03 [D] [db conn root:@tcp(localhost:3306)/tdtg?charset=utf8&parseTime=True&loc=Local] 
2017/10/03 17:42:08 [I] http server Running on http://:9700
2017/10/03 17:43:37 [D] [db conn root:@tcp(localhost:3306)/tdtg?charset=utf8&parseTime=True&loc=Local] 
2017/10/03 17:43:41 [I] http server Running on http://:9700
2017/10/03 17:44:48 [D] [db conn root:@tcp(localhost:3306)/tdtg?charset=utf8&parseTime=True&loc=Local] 
2017/10/03 17:44:53 [I] http server Running on http://:9700
2017/10/03 17:46:46 [D] [db conn root:@tcp(localhost:3306)/tdtg?charset=utf8&parseTime=True&loc=Local] 
2017/10/03 17:46:51 [I] http server Running on http://:9700
2017/10/03 17:47:46 [D] [db conn root:@tcp(localhost:3306)/tdtg?charset=utf8&parseTime=True&loc=Local] 
2017/10/03 17:47:50 [I] http server Running on http://:9700
2017/10/03 17:48:26 [D] [db conn root:@tcp(localhost:3306)/tdtg?charset=utf8&parseTime=True&loc=Local] 
2017/10/03 17:48:31 [I] http server Running on http://:9700
2017/10/03 17:50:24 [D] [db conn root:@tcp(localhost:3306)/tdtg?charset=utf8&parseTime=True&loc=Local] 
2017/10/03 17:50:28 [I] http server Running on http://:9700
2017/10/03 17:51:09 [D] [db conn root:@tcp(localhost:3306)/tdtg?charset=utf8&parseTime=True&loc=Local] 
2017/10/03 17:51:14 [I] http server Running on http://:9700
2017/10/03 17:52:04 [D] [db conn root:@tcp(localhost:3306)/tdtg?charset=utf8&parseTime=True&loc=Local] 
2017/10/03 17:52:09 [I] http server Running on http://:9700
2017/10/03 17:52:40 [D] [db conn root:@tcp(localhost:3306)/tdtg?charset=utf8&parseTime=True&loc=Local] 
2017/10/03 17:52:45 [I] http server Running on http://:9700
2017/10/03 17:56:51 [D] [db conn root:@tcp(localhost:3306)/tdtg?charset=utf8&parseTime=True&loc=Local] 
2017/10/03 17:57:01 [I] http server Running on http://:9700
2017/10/03 17:57:51 [D] [db conn root:@tcp(localhost:3306)/tdtg?charset=utf8&parseTime=True&loc=Local] 
2017/10/03 17:57:57 [I] http server Running on http://:9700
